<?xml version="1.0" encoding="UTF-8"?>
<!-- Generated by org.testng.reporters.JUnitReportReporter -->
<testsuite hostname="HAL431" failures="0" tests="5" name="runners.MainRunner" time="21.389" errors="0" timestamp="2024-07-19T16:00:37 MESZ" skipped="0">
  <testcase classname="runners.MainRunner" name="runScenario" time="4.638"/>
  <testcase classname="runners.MainRunner" name="runScenario" time="4.712"/>
  <testcase classname="runners.MainRunner" name="runScenario" time="5.179"/>
  <testcase classname="runners.MainRunner" name="runScenario" time="5.086"/>
  <testcase classname="runners.MainRunner" name="runScenario" time="1.774"/>
</testsuite> <!-- runners.MainRunner -->
